<?xml version="1.0" encoding="UTF-8"?>
<testsuite xmlns:xsi="http://www.w3.org/2001/XMLSchema-instance" xsi:noNamespaceSchemaLocation="https://maven.apache.org/surefire/maven-surefire-plugin/xsd/surefire-test-report.xsd" name="TestRunners.AmazonTestRunner" time="6.586" tests="3" errors="0" skipped="0" failures="0">
  <properties>
    <property name="sun.desktop" value="windows"/>
    <property name="awt.toolkit" value="sun.awt.windows.WToolkit"/>
    <property name="file.encoding.pkg" value="sun.io"/>
    <property name="java.specification.version" value="1.8"/>
    <property name="sun.cpu.isalist" value="amd64"/>
    <property name="sun.jnu.encoding" value="Cp1252"/>
    <property name="java.class.path" value="G:\Eclipse_Workspace\Cucumber_Framework\Cucumber\target\test-classes;G:\Eclipse_Workspace\Cucumber_Framework\Cucumber\target\classes;C:\windows\system32\config\systemprofile\.m2\repository\io\cucumber\cucumber-java\6.10.3\cucumber-java-6.10.3.jar;C:\windows\system32\config\systemprofile\.m2\repository\io\cucumber\cucumber-core\6.10.3\cucumber-core-6.10.3.jar;C:\windows\system32\config\systemprofile\.m2\repository\io\cucumber\cucumber-gherkin\6.10.3\cucumber-gherkin-6.10.3.jar;C:\windows\system32\config\systemprofile\.m2\repository\io\cucumber\cucumber-gherkin-messages\6.10.3\cucumber-gherkin-messages-6.10.3.jar;C:\windows\system32\config\systemprofile\.m2\repository\io\cucumber\messages\15.0.0\messages-15.0.0.jar;C:\windows\system32\config\systemprofile\.m2\repository\io\cucumber\tag-expressions\3.0.1\tag-expressions-3.0.1.jar;C:\windows\system32\config\systemprofile\.m2\repository\io\cucumber\cucumber-expressions\10.3.0\cucumber-expressions-10.3.0.jar;C:\windows\system32\config\systemprofile\.m2\repository\io\cucumber\datatable\3.5.0\datatable-3.5.0.jar;C:\windows\system32\config\systemprofile\.m2\repository\io\cucumber\cucumber-plugin\6.10.3\cucumber-plugin-6.10.3.jar;C:\windows\system32\config\systemprofile\.m2\repository\io\cucumber\docstring\6.10.3\docstring-6.10.3.jar;C:\windows\system32\config\systemprofile\.m2\repository\io\cucumber\html-formatter\13.0.0\html-formatter-13.0.0.jar;C:\windows\system32\config\systemprofile\.m2\repository\io\cucumber\create-meta\4.0.0\create-meta-4.0.0.jar;C:\windows\system32\config\systemprofile\.m2\repository\org\apiguardian\apiguardian-api\1.1.1\apiguardian-api-1.1.1.jar;C:\windows\system32\config\systemprofile\.m2\repository\io\cucumber\cucumber-junit\6.10.3\cucumber-junit-6.10.3.jar;C:\windows\system32\config\systemprofile\.m2\repository\junit\junit\4.13.2\junit-4.13.2.jar;C:\windows\system32\config\systemprofile\.m2\repository\org\hamcrest\hamcrest-core\1.3\hamcrest-core-1.3.jar;C:\windows\system32\config\systemprofile\.m2\repository\com\epam\reportportal\agent-java-cucumber6\5.0.5\agent-java-cucumber6-5.0.5.jar;C:\windows\system32\config\systemprofile\.m2\repository\com\epam\reportportal\client-java\5.0.21\client-java-5.0.21.jar;C:\windows\system32\config\systemprofile\.m2\repository\org\aspectj\aspectjweaver\1.9.2\aspectjweaver-1.9.2.jar;C:\windows\system32\config\systemprofile\.m2\repository\org\aspectj\aspectjrt\1.9.2\aspectjrt-1.9.2.jar;C:\windows\system32\config\systemprofile\.m2\repository\com\fasterxml\jackson\core\jackson-databind\2.9.9\jackson-databind-2.9.9.jar;C:\windows\system32\config\systemprofile\.m2\repository\com\fasterxml\jackson\core\jackson-core\2.9.9\jackson-core-2.9.9.jar;C:\windows\system32\config\systemprofile\.m2\repository\com\fasterxml\jackson\core\jackson-annotations\2.9.9\jackson-annotations-2.9.9.jar;C:\windows\system32\config\systemprofile\.m2\repository\io\reactivex\rxjava2\rxjava\2.2.10\rxjava-2.2.10.jar;C:\windows\system32\config\systemprofile\.m2\repository\org\reactivestreams\reactive-streams\1.0.2\reactive-streams-1.0.2.jar;C:\windows\system32\config\systemprofile\.m2\repository\org\apache\tika\tika-core\1.20\tika-core-1.20.jar;C:\windows\system32\config\systemprofile\.m2\repository\org\slf4j\slf4j-api\1.7.25\slf4j-api-1.7.25.jar;C:\windows\system32\config\systemprofile\.m2\repository\com\epam\reportportal\commons-model\5.0.0\commons-model-5.0.0.jar;C:\windows\system32\config\systemprofile\.m2\repository\io\swagger\swagger-annotations\1.5.24\swagger-annotations-1.5.24.jar;C:\windows\system32\config\systemprofile\.m2\repository\javax\validation\validation-api\2.0.1.Final\validation-api-2.0.1.Final.jar;C:\windows\system32\config\systemprofile\.m2\repository\org\apache\commons\commons-lang3\3.9\commons-lang3-3.9.jar;C:\windows\system32\config\systemprofile\.m2\repository\com\google\code\findbugs\jsr305\3.0.2\jsr305-3.0.2.jar;C:\windows\system32\config\systemprofile\.m2\repository\com\epam\reportportal\logger-java-logback\5.0.3\logger-java-logback-5.0.3.jar;C:\windows\system32\config\systemprofile\.m2\repository\ch\qos\logback\logback-classic\1.2.3\logback-classic-1.2.3.jar;C:\windows\system32\config\systemprofile\.m2\repository\ch\qos\logback\logback-core\1.2.3\logback-core-1.2.3.jar;C:\windows\system32\config\systemprofile\.m2\repository\com\epam\reportportal\logger-java-log4j\5.0.3\logger-java-log4j-5.0.3.jar;C:\windows\system32\config\systemprofile\.m2\repository\log4j\log4j\1.2.17\log4j-1.2.17.jar;C:\windows\system32\config\systemprofile\.m2\repository\org\apache\logging\log4j\log4j-api\2.13.0\log4j-api-2.13.0.jar;C:\windows\system32\config\systemprofile\.m2\repository\org\apache\logging\log4j\log4j-core\2.13.0\log4j-core-2.13.0.jar;"/>
    <property name="java.vm.vendor" value="Oracle Corporation"/>
    <property name="sun.arch.data.model" value="64"/>
    <property name="user.variant" value=""/>
    <property name="java.vendor.url" value="http://java.oracle.com/"/>
    <property name="user.timezone" value="Asia/Calcutta"/>
    <property name="java.vm.specification.version" value="1.8"/>
    <property name="os.name" value="Windows 10"/>
    <property name="user.country" value="IN"/>
    <property name="sun.java.launcher" value="SUN_STANDARD"/>
    <property name="sun.boot.library.path" value="C:\Program Files\Java\jdk1.8.0_281\jre\bin"/>
    <property name="sun.java.command" value="C:\windows\TEMP\surefire3502448647503476364\surefirebooter320755441921684274.jar C:\Windows\Temp\surefire3502448647503476364 2021-05-02T07-46-14_103-jvmRun1 surefire7124250477861689843tmp surefire_04825006707032905596tmp"/>
    <property name="surefire.test.class.path" value="G:\Eclipse_Workspace\Cucumber_Framework\Cucumber\target\test-classes;G:\Eclipse_Workspace\Cucumber_Framework\Cucumber\target\classes;C:\windows\system32\config\systemprofile\.m2\repository\io\cucumber\cucumber-java\6.10.3\cucumber-java-6.10.3.jar;C:\windows\system32\config\systemprofile\.m2\repository\io\cucumber\cucumber-core\6.10.3\cucumber-core-6.10.3.jar;C:\windows\system32\config\systemprofile\.m2\repository\io\cucumber\cucumber-gherkin\6.10.3\cucumber-gherkin-6.10.3.jar;C:\windows\system32\config\systemprofile\.m2\repository\io\cucumber\cucumber-gherkin-messages\6.10.3\cucumber-gherkin-messages-6.10.3.jar;C:\windows\system32\config\systemprofile\.m2\repository\io\cucumber\messages\15.0.0\messages-15.0.0.jar;C:\windows\system32\config\systemprofile\.m2\repository\io\cucumber\tag-expressions\3.0.1\tag-expressions-3.0.1.jar;C:\windows\system32\config\systemprofile\.m2\repository\io\cucumber\cucumber-expressions\10.3.0\cucumber-expressions-10.3.0.jar;C:\windows\system32\config\systemprofile\.m2\repository\io\cucumber\datatable\3.5.0\datatable-3.5.0.jar;C:\windows\system32\config\systemprofile\.m2\repository\io\cucumber\cucumber-plugin\6.10.3\cucumber-plugin-6.10.3.jar;C:\windows\system32\config\systemprofile\.m2\repository\io\cucumber\docstring\6.10.3\docstring-6.10.3.jar;C:\windows\system32\config\systemprofile\.m2\repository\io\cucumber\html-formatter\13.0.0\html-formatter-13.0.0.jar;C:\windows\system32\config\systemprofile\.m2\repository\io\cucumber\create-meta\4.0.0\create-meta-4.0.0.jar;C:\windows\system32\config\systemprofile\.m2\repository\org\apiguardian\apiguardian-api\1.1.1\apiguardian-api-1.1.1.jar;C:\windows\system32\config\systemprofile\.m2\repository\io\cucumber\cucumber-junit\6.10.3\cucumber-junit-6.10.3.jar;C:\windows\system32\config\systemprofile\.m2\repository\junit\junit\4.13.2\junit-4.13.2.jar;C:\windows\system32\config\systemprofile\.m2\repository\org\hamcrest\hamcrest-core\1.3\hamcrest-core-1.3.jar;C:\windows\system32\config\systemprofile\.m2\repository\com\epam\reportportal\agent-java-cucumber6\5.0.5\agent-java-cucumber6-5.0.5.jar;C:\windows\system32\config\systemprofile\.m2\repository\com\epam\reportportal\client-java\5.0.21\client-java-5.0.21.jar;C:\windows\system32\config\systemprofile\.m2\repository\org\aspectj\aspectjweaver\1.9.2\aspectjweaver-1.9.2.jar;C:\windows\system32\config\systemprofile\.m2\repository\org\aspectj\aspectjrt\1.9.2\aspectjrt-1.9.2.jar;C:\windows\system32\config\systemprofile\.m2\repository\com\fasterxml\jackson\core\jackson-databind\2.9.9\jackson-databind-2.9.9.jar;C:\windows\system32\config\systemprofile\.m2\repository\com\fasterxml\jackson\core\jackson-core\2.9.9\jackson-core-2.9.9.jar;C:\windows\system32\config\systemprofile\.m2\repository\com\fasterxml\jackson\core\jackson-annotations\2.9.9\jackson-annotations-2.9.9.jar;C:\windows\system32\config\systemprofile\.m2\repository\io\reactivex\rxjava2\rxjava\2.2.10\rxjava-2.2.10.jar;C:\windows\system32\config\systemprofile\.m2\repository\org\reactivestreams\reactive-streams\1.0.2\reactive-streams-1.0.2.jar;C:\windows\system32\config\systemprofile\.m2\repository\org\apache\tika\tika-core\1.20\tika-core-1.20.jar;C:\windows\system32\config\systemprofile\.m2\repository\org\slf4j\slf4j-api\1.7.25\slf4j-api-1.7.25.jar;C:\windows\system32\config\systemprofile\.m2\repository\com\epam\reportportal\commons-model\5.0.0\commons-model-5.0.0.jar;C:\windows\system32\config\systemprofile\.m2\repository\io\swagger\swagger-annotations\1.5.24\swagger-annotations-1.5.24.jar;C:\windows\system32\config\systemprofile\.m2\repository\javax\validation\validation-api\2.0.1.Final\validation-api-2.0.1.Final.jar;C:\windows\system32\config\systemprofile\.m2\repository\org\apache\commons\commons-lang3\3.9\commons-lang3-3.9.jar;C:\windows\system32\config\systemprofile\.m2\repository\com\google\code\findbugs\jsr305\3.0.2\jsr305-3.0.2.jar;C:\windows\system32\config\systemprofile\.m2\repository\com\epam\reportportal\logger-java-logback\5.0.3\logger-java-logback-5.0.3.jar;C:\windows\system32\config\systemprofile\.m2\repository\ch\qos\logback\logback-classic\1.2.3\logback-classic-1.2.3.jar;C:\windows\system32\config\systemprofile\.m2\repository\ch\qos\logback\logback-core\1.2.3\logback-core-1.2.3.jar;C:\windows\system32\config\systemprofile\.m2\repository\com\epam\reportportal\logger-java-log4j\5.0.3\logger-java-log4j-5.0.3.jar;C:\windows\system32\config\systemprofile\.m2\repository\log4j\log4j\1.2.17\log4j-1.2.17.jar;C:\windows\system32\config\systemprofile\.m2\repository\org\apache\logging\log4j\log4j-api\2.13.0\log4j-api-2.13.0.jar;C:\windows\system32\config\systemprofile\.m2\repository\org\apache\logging\log4j\log4j-core\2.13.0\log4j-core-2.13.0.jar;"/>
    <property name="sun.cpu.endian" value="little"/>
    <property name="user.home" value="C:\windows\system32\config\systemprofile"/>
    <property name="user.language" value="en"/>
    <property name="java.specification.vendor" value="Oracle Corporation"/>
    <property name="java.home" value="C:\Program Files\Java\jdk1.8.0_281\jre"/>
    <property name="basedir" value="G:\Eclipse_Workspace\Cucumber_Framework\Cucumber"/>
    <property name="file.separator" value="\"/>
    <property name="line.separator" value="&#10;"/>
    <property name="java.vm.specification.vendor" value="Oracle Corporation"/>
    <property name="java.specification.name" value="Java Platform API Specification"/>
    <property name="java.awt.graphicsenv" value="sun.awt.Win32GraphicsEnvironment"/>
    <property name="surefire.real.class.path" value="C:\windows\TEMP\surefire3502448647503476364\surefirebooter320755441921684274.jar"/>
    <property name="sun.boot.class.path" value="C:\Program Files\Java\jdk1.8.0_281\jre\lib\resources.jar;C:\Program Files\Java\jdk1.8.0_281\jre\lib\rt.jar;C:\Program Files\Java\jdk1.8.0_281\jre\lib\sunrsasign.jar;C:\Program Files\Java\jdk1.8.0_281\jre\lib\jsse.jar;C:\Program Files\Java\jdk1.8.0_281\jre\lib\jce.jar;C:\Program Files\Java\jdk1.8.0_281\jre\lib\charsets.jar;C:\Program Files\Java\jdk1.8.0_281\jre\lib\jfr.jar;C:\Program Files\Java\jdk1.8.0_281\jre\classes"/>
    <property name="user.script" value=""/>
    <property name="sun.management.compiler" value="HotSpot 64-Bit Tiered Compilers"/>
    <property name="java.runtime.version" value="1.8.0_281-b09"/>
    <property name="user.name" value="LAPTOP-160CLPDH$"/>
    <property name="path.separator" value=";"/>
    <property name="os.version" value="10.0"/>
    <property name="java.endorsed.dirs" value="C:\Program Files\Java\jdk1.8.0_281\jre\lib\endorsed"/>
    <property name="java.runtime.name" value="Java(TM) SE Runtime Environment"/>
    <property name="file.encoding" value="Cp1252"/>
    <property name="java.vm.name" value="Java HotSpot(TM) 64-Bit Server VM"/>
    <property name="localRepository" value="C:\windows\system32\config\systemprofile\.m2\repository"/>
    <property name="java.vendor.url.bug" value="http://bugreport.sun.com/bugreport/"/>
    <property name="java.io.tmpdir" value="C:\windows\TEMP\"/>
    <property name="java.version" value="1.8.0_281"/>
    <property name="user.dir" value="G:\Eclipse_Workspace\Cucumber_Framework\Cucumber"/>
    <property name="os.arch" value="amd64"/>
    <property name="java.vm.specification.name" value="Java Virtual Machine Specification"/>
    <property name="java.awt.printerjob" value="sun.awt.windows.WPrinterJob"/>
    <property name="sun.os.patch.level" value=""/>
    <property name="java.library.path" value="C:\Program Files\Java\jdk1.8.0_281\jre\bin;C:\windows\Sun\Java\bin;C:\windows\system32;C:\windows;C:\Users\sachi\OneDrive\Documents\Softwares\apache-maven-3.6.3-bin\apache-maven-3.6.3/bin;C:\Program Files\Java\jdk1.8.0_281/bin;C:\Program Files\Java\jdk1.8.0_281/bin;C:\Program Files (x86)\Common Files\Oracle\Java\javapath;C:\windows\system32;C:\windows;C:\windows\System32\Wbem;C:\windows\System32\WindowsPowerShell\v1.0\;C:\windows\System32\OpenSSH\;C:\Program Files\nodejs\;C:\Program Files\Java\jdk1.8.0_281\bin;C:\Users\sachi\OneDrive\Documents\Softwares\apache-maven-3.6.3-bin\apache-maven-3.6.3\bin;C:\Users\sachi\OneDrive\Documents\Softwares\android-sdk\platform-tools;C:\Users\sachi\OneDrive\Documents\Softwares\android-sdk;C:\Users\sachi\OneDrive\Documents\Softwares\android-sdk\tools\bin;C:\Program Files\Docker\Docker\resources\bin;C:\ProgramData\DockerDesktop\version-bin;C:\Program Files\Git\cmd;C:\Program Files\Docker\Docker\resources\bin;C:\windows\system32\config\systemprofile\AppData\Local\Microsoft\WindowsApps;."/>
    <property name="java.vm.info" value="mixed mode"/>
    <property name="java.vendor" value="Oracle Corporation"/>
    <property name="java.vm.version" value="25.281-b09"/>
    <property name="java.ext.dirs" value="C:\Program Files\Java\jdk1.8.0_281\jre\lib\ext;C:\windows\Sun\Java\lib\ext"/>
    <property name="sun.io.unicode.encoding" value="UnicodeLittle"/>
    <property name="java.class.version" value="52.0"/>
  </properties>
  <testcase name="Search a Product" classname="AmazonSearch" time="0.354"/>
  <testcase name="Booking cab" classname="Uber Booking feature" time="0.069"/>
  <testcase name="Booking bus" classname="Uber Booking feature" time="0.036"/>
</testsuite>